0 info it worked if it ends with ok
1 verbose cli [ '/usr/local/bin/node',
1 verbose cli   '/usr/local/bin/npm',
1 verbose cli   'install',
1 verbose cli   '-g',
1 verbose cli   'bower' ]
2 info using npm@2.14.7
3 info using node@v4.2.2
4 verbose install initial load of /usr/local/lib/package.json
5 verbose readDependencies loading dependencies from /usr/local/lib/package.json
6 silly cache add args [ 'bower', null ]
7 verbose cache add spec bower
8 silly cache add parsed spec Result {
8 silly cache add   raw: 'bower',
8 silly cache add   scope: null,
8 silly cache add   name: 'bower',
8 silly cache add   rawSpec: '',
8 silly cache add   spec: '*',
8 silly cache add   type: 'range' }
9 silly addNamed bower@*
10 verbose addNamed "*" is a valid semver range for bower
11 silly addNameRange { name: 'bower', range: '*', hasData: false }
12 silly mapToRegistry name bower
13 silly mapToRegistry using default registry
14 silly mapToRegistry registry https://registry.npmjs.org/
15 silly mapToRegistry uri https://registry.npmjs.org/bower
16 verbose addNameRange registry:https://registry.npmjs.org/bower not in flight; fetching
17 verbose request uri https://registry.npmjs.org/bower
18 verbose request no auth needed
19 info attempt registry request try #1 at 8:12:32 PM
20 verbose request id eb9bc6257ef57ab3
21 http request GET https://registry.npmjs.org/bower
22 http 200 https://registry.npmjs.org/bower
23 verbose headers { server: 'CouchDB/1.5.0 (Erlang OTP/R16B03)',
23 verbose headers   etag: '"50W1EQQSTC9O0GPC8UADQTR0O"',
23 verbose headers   'content-type': 'application/json',
23 verbose headers   'cache-control': 'max-age=60',
23 verbose headers   'content-length': '155014',
23 verbose headers   'accept-ranges': 'bytes',
23 verbose headers   date: 'Mon, 07 Dec 2015 12:12:34 GMT',
23 verbose headers   via: '1.1 varnish',
23 verbose headers   age: '0',
23 verbose headers   connection: 'keep-alive',
23 verbose headers   'x-served-by': 'cache-itm7420-ITM',
23 verbose headers   'x-cache': 'HIT',
23 verbose headers   'x-cache-hits': '1',
23 verbose headers   'x-timer': 'S1449490353.747388,VS0,VE524',
23 verbose headers   vary: 'Accept' }
24 silly get cb [ 200,
24 silly get   { server: 'CouchDB/1.5.0 (Erlang OTP/R16B03)',
24 silly get     etag: '"50W1EQQSTC9O0GPC8UADQTR0O"',
24 silly get     'content-type': 'application/json',
24 silly get     'cache-control': 'max-age=60',
24 silly get     'content-length': '155014',
24 silly get     'accept-ranges': 'bytes',
24 silly get     date: 'Mon, 07 Dec 2015 12:12:34 GMT',
24 silly get     via: '1.1 varnish',
24 silly get     age: '0',
24 silly get     connection: 'keep-alive',
24 silly get     'x-served-by': 'cache-itm7420-ITM',
24 silly get     'x-cache': 'HIT',
24 silly get     'x-cache-hits': '1',
24 silly get     'x-timer': 'S1449490353.747388,VS0,VE524',
24 silly get     vary: 'Accept' } ]
25 verbose get saving bower to /Users/hanqilin/.npm/registry.npmjs.org/bower/.cache.json
26 silly addNameRange number 2 { name: 'bower', range: '*', hasData: true }
27 silly addNameRange versions [ 'bower',
27 silly addNameRange   [ '0.1.0',
27 silly addNameRange     '0.1.2',
27 silly addNameRange     '0.1.3',
27 silly addNameRange     '0.2.0',
27 silly addNameRange     '0.3.0',
27 silly addNameRange     '0.3.1',
27 silly addNameRange     '0.3.2',
27 silly addNameRange     '0.4.0',
27 silly addNameRange     '0.5.0',
27 silly addNameRange     '0.5.1',
27 silly addNameRange     '0.6.0',
27 silly addNameRange     '0.6.1',
27 silly addNameRange     '0.6.2',
27 silly addNameRange     '0.6.3',
27 silly addNameRange     '0.6.4',
27 silly addNameRange     '0.6.5',
27 silly addNameRange     '0.6.6',
27 silly addNameRange     '0.6.7',
27 silly addNameRange     '0.6.8',
27 silly addNameRange     '0.7.0',
27 silly addNameRange     '0.7.1',
27 silly addNameRange     '0.8.0',
27 silly addNameRange     '0.8.1',
27 silly addNameRange     '0.8.2',
27 silly addNameRange     '0.8.3',
27 silly addNameRange     '0.8.4',
27 silly addNameRange     '0.8.5',
27 silly addNameRange     '0.8.6',
27 silly addNameRange     '0.9.0',
27 silly addNameRange     '0.9.1',
27 silly addNameRange     '0.9.2',
27 silly addNameRange     '0.10.0',
27 silly addNameRange     '1.0.0',
27 silly addNameRange     '1.0.1',
27 silly addNameRange     '1.0.2',
27 silly addNameRange     '1.0.3',
27 silly addNameRange     '1.1.0',
27 silly addNameRange     '1.1.1',
27 silly addNameRange     '1.1.2',
27 silly addNameRange     '1.2.0',
27 silly addNameRange     '1.2.1',
27 silly addNameRange     '1.2.2',
27 silly addNameRange     '1.2.3',
27 silly addNameRange     '1.2.4',
27 silly addNameRange     '1.2.5',
27 silly addNameRange     '1.2.6',
27 silly addNameRange     '1.2.7',
27 silly addNameRange     '1.2.8',
27 silly addNameRange     '1.3.0',
27 silly addNameRange     '1.3.1',
27 silly addNameRange     '1.3.2',
27 silly addNameRange     '1.3.3',
27 silly addNameRange     '1.3.4',
27 silly addNameRange     '1.3.5',
27 silly addNameRange     '1.3.6',
27 silly addNameRange     '1.3.7',
27 silly addNameRange     '1.3.8',
27 silly addNameRange     '1.3.9',
27 silly addNameRange     '1.3.10',
27 silly addNameRange     '1.3.11',
27 silly addNameRange     '1.3.12',
27 silly addNameRange     '1.4.0',
27 silly addNameRange     '1.4.1',
27 silly addNameRange     '1.5.0',
27 silly addNameRange     '1.5.1',
27 silly addNameRange     '1.5.2',
27 silly addNameRange     '1.5.3',
27 silly addNameRange     '1.6.2',
27 silly addNameRange     '1.6.3',
27 silly addNameRange     '1.6.4',
27 silly addNameRange     '1.6.5',
27 silly addNameRange     '1.5.4',
27 silly addNameRange     '1.4.2',
27 silly addNameRange     '1.6.6',
27 silly addNameRange     '1.6.7',
27 silly addNameRange     '1.6.8',
27 silly addNameRange     '1.6.9' ] ]
28 silly addNamed bower@1.6.9
29 verbose addNamed "1.6.9" is a plain semver version for bower
30 silly mapToRegistry name bower
31 silly mapToRegistry using default registry
32 silly mapToRegistry registry https://registry.npmjs.org/
33 silly mapToRegistry uri https://registry.npmjs.org/bower
34 verbose addRemoteTarball https://registry.npmjs.org/bower/-/bower-1.6.9.tgz not in flight; adding
35 verbose addRemoteTarball [ 'https://registry.npmjs.org/bower/-/bower-1.6.9.tgz',
35 verbose addRemoteTarball   'cdd7c908f88f8e8908a9ac237e34f591d7058b99' ]
36 info retry fetch attempt 1 at 8:12:34 PM
37 info attempt registry request try #1 at 8:12:34 PM
38 http fetch GET https://registry.npmjs.org/bower/-/bower-1.6.9.tgz
39 http fetch 200 https://registry.npmjs.org/bower/-/bower-1.6.9.tgz
40 silly fetchAndShaCheck shasum cdd7c908f88f8e8908a9ac237e34f591d7058b99
41 verbose addTmpTarball /var/folders/gs/ylxkf7857zj40nkfvgfz8dt00000gn/T/npm-3907-0e80d497/registry.npmjs.org/bower/-/bower-1.6.9.tgz not in flight; adding
42 verbose addTmpTarball already have metadata; skipping unpack for bower@1.6.9
43 silly cache afterAdd bower@1.6.9
44 verbose afterAdd /Users/hanqilin/.npm/bower/1.6.9/package/package.json not in flight; writing
45 verbose afterAdd /Users/hanqilin/.npm/bower/1.6.9/package/package.json written
46 silly install resolved [ { name: 'bower',
46 silly install resolved     version: '1.6.9',
46 silly install resolved     description: 'The browser package manager',
46 silly install resolved     author: { name: 'Twitter' },
46 silly install resolved     license: 'MIT',
46 silly install resolved     repository: { type: 'git', url: 'git+https://github.com/bower/bower.git' },
46 silly install resolved     main: 'lib',
46 silly install resolved     homepage: 'http://bower.io',
46 silly install resolved     engines: { node: '>=0.10.0' },
46 silly install resolved     keywords: [ 'bower' ],
46 silly install resolved     dependencies:
46 silly install resolved      { abbrev: '^1.0.5',
46 silly install resolved        archy: '1.0.0',
46 silly install resolved        'bower-config': '^1.2.3',
46 silly install resolved        'bower-endpoint-parser': '^0.2.2',
46 silly install resolved        'bower-json': '^0.4.0',
46 silly install resolved        'bower-logger': '^0.2.2',
46 silly install resolved        'bower-registry-client': '^1.0.0',
46 silly install resolved        cardinal: '0.4.4',
46 silly install resolved        chalk: '^1.0.0',
46 silly install resolved        chmodr: '^1.0.2',
46 silly install resolved        configstore: '^0.3.2',
46 silly install resolved        'decompress-zip': '^0.1.0',
46 silly install resolved        destroy: '^1.0.3',
46 silly install resolved        'fs-write-stream-atomic': '^1.0.5',
46 silly install resolved        fstream: '^1.0.3',
46 silly install resolved        'fstream-ignore': '^1.0.2',
46 silly install resolved        github: '^0.2.3',
46 silly install resolved        glob: '^4.3.2',
46 silly install resolved        'graceful-fs': '^3.0.5',
46 silly install resolved        handlebars: '^2.0.0',
46 silly install resolved        inquirer: '0.10.0',
46 silly install resolved        insight: '^0.7.0',
46 silly install resolved        'is-root': '^1.0.0',
46 silly install resolved        junk: '^1.0.0',
46 silly install resolved        lockfile: '^1.0.0',
46 silly install resolved        'lru-cache': '^2.5.0',
46 silly install resolved        'md5-hex': '^1.0.2',
46 silly install resolved        mkdirp: '0.5.0',
46 silly install resolved        mout: '^0.11.0',
46 silly install resolved        nopt: '^3.0.1',
46 silly install resolved        opn: '^1.0.1',
46 silly install resolved        'p-throttler': '0.1.1',
46 silly install resolved        promptly: '0.2.0',
46 silly install resolved        q: '^1.1.2',
46 silly install resolved        request: '2.53.0',
46 silly install resolved        'request-progress': '0.3.1',
46 silly install resolved        retry: '0.6.1',
46 silly install resolved        rimraf: '^2.2.8',
46 silly install resolved        semver: '^2.3.0',
46 silly install resolved        'shell-quote': '^1.4.2',
46 silly install resolved        'stringify-object': '^1.0.0',
46 silly install resolved        'tar-fs': '^1.4.1',
46 silly install resolved        tmp: '0.0.24',
46 silly install resolved        'update-notifier': '^0.3.0',
46 silly install resolved        'user-home': '^1.1.0',
46 silly install resolved        which: '^1.0.8' },
46 silly install resolved     devDependencies:
46 silly install resolved      { chai: '^1.10.0',
46 silly install resolved        coveralls: '^2.11.2',
46 silly install resolved        'expect.js': '^0.3.1',
46 silly install resolved        grunt: '^0.4.5',
46 silly install resolved        'grunt-cli': '^0.1.13',
46 silly install resolved        'grunt-contrib-jshint': '^0.10.0',
46 silly install resolved        'grunt-contrib-watch': '^0.6.1',
46 silly install resolved        'grunt-exec': '^0.4.6',
46 silly install resolved        'grunt-simple-mocha': '^0.4.0',
46 silly install resolved        istanbul: '^0.3.5',
46 silly install resolved        'load-grunt-tasks': '^2.0.0',
46 silly install resolved        mocha: '^2.1.0',
46 silly install resolved        multiline: '^1.0.2',
46 silly install resolved        nock: '^3.1.0',
46 silly install resolved        'node-uuid': '^1.4.2',
46 silly install resolved        proxyquire: '^1.3.0',
46 silly install resolved        'spawn-sync': '1.0.13' },
46 silly install resolved     scripts: { test: 'grunt test' },
46 silly install resolved     bin: { bower: 'bin/bower' },
46 silly install resolved     files: [ 'bin', 'lib', 'templates' ],
46 silly install resolved     gitHead: 'fd4c9e6aca734ffe93170eb2998ea9168c65e968',
46 silly install resolved     bugs: { url: 'https://github.com/bower/bower/issues' },
46 silly install resolved     bundleDependencies:
46 silly install resolved      [ 'abbrev',
46 silly install resolved        'archy',
46 silly install resolved        'bower-config',
46 silly install resolved        'bower-endpoint-parser',
46 silly install resolved        'bower-json',
46 silly install resolved        'bower-logger',
46 silly install resolved        'bower-registry-client',
46 silly install resolved        'cardinal',
46 silly install resolved        'chalk',
46 silly install resolved        'chmodr',
46 silly install resolved        'configstore',
46 silly install resolved        'decompress-zip',
46 silly install resolved        'destroy',
46 silly install resolved        'fs-write-stream-atomic',
46 silly install resolved        'fstream',
46 silly install resolved        'fstream-ignore',
46 silly install resolved        'github',
46 silly install resolved        'glob',
46 silly install resolved        'graceful-fs',
46 silly install resolved        'handlebars',
46 silly install resolved        'inquirer',
46 silly install resolved        'insight',
46 silly install resolved        'is-root',
46 silly install resolved        'junk',
46 silly install resolved        'lockfile',
46 silly install resolved        'lru-cache',
46 silly install resolved        'md5-hex',
46 silly install resolved        'mkdirp',
46 silly install resolved        'mout',
46 silly install resolved        'nopt',
46 silly install resolved        'opn',
46 silly install resolved        'p-throttler',
46 silly install resolved        'promptly',
46 silly install resolved        'q',
46 silly install resolved        'request',
46 silly install resolved        'request-progress',
46 silly install resolved        'retry',
46 silly install resolved        'rimraf',
46 silly install resolved        'semver',
46 silly install resolved        'shell-quote',
46 silly install resolved        'stringify-object',
46 silly install resolved        'tar-fs',
46 silly install resolved        'tmp',
46 silly install resolved        'update-notifier',
46 silly install resolved        'user-home',
46 silly install resolved        'which' ],
46 silly install resolved     _id: 'bower@1.6.9',
46 silly install resolved     _shasum: 'cdd7c908f88f8e8908a9ac237e34f591d7058b99',
46 silly install resolved     _from: 'bower@*',
46 silly install resolved     _npmVersion: '2.14.4',
46 silly install resolved     _nodeVersion: '4.1.1',
46 silly install resolved     _npmUser: { name: 'sheerun', email: 'sheerun@sher.pl' },
46 silly install resolved     dist:
46 silly install resolved      { shasum: 'cdd7c908f88f8e8908a9ac237e34f591d7058b99',
46 silly install resolved        tarball: 'http://registry.npmjs.org/bower/-/bower-1.6.9.tgz' },
46 silly install resolved     maintainers:
46 silly install resolved      [ [Object],
46 silly install resolved        [Object],
46 silly install resolved        [Object],
46 silly install resolved        [Object],
46 silly install resolved        [Object],
46 silly install resolved        [Object],
46 silly install resolved        [Object] ],
46 silly install resolved     directories: {},
46 silly install resolved     _resolved: 'https://registry.npmjs.org/bower/-/bower-1.6.9.tgz' } ]
47 info install bower@1.6.9 into /usr/local/lib
48 info installOne bower@1.6.9
49 verbose installOne of bower to /usr/local/lib not in flight; installing
50 verbose makeDirectory /Users/hanqilin/.npm/_locks creation not in flight; initializing
51 silly makeDirectory /Users/hanqilin/.npm/_locks uid: 501 gid: 20
52 verbose lock using /Users/hanqilin/.npm/_locks/bower-e8debc5417026b57.lock for /usr/local/lib/node_modules/bower
53 silly install write writing bower 1.6.9 to /usr/local/lib/node_modules/bower
54 verbose unbuild lib/node_modules/bower
55 silly gentlyRm /usr/local/lib/node_modules/bower is being purged from base /usr/local
56 verbose gentlyRm don't care about contents; nuking /usr/local/lib/node_modules/bower
57 verbose tar unpack /Users/hanqilin/.npm/bower/1.6.9/package.tgz
58 verbose tar unpacking to /usr/local/lib/node_modules/bower
59 silly gentlyRm /usr/local/lib/node_modules/bower is being purged
60 verbose gentlyRm don't care about contents; nuking /usr/local/lib/node_modules/bower
61 silly gunzTarPerm modes [ '755', '644' ]
62 error tar.unpack untar error /Users/hanqilin/.npm/bower/1.6.9/package.tgz
63 verbose unlock done using /Users/hanqilin/.npm/_locks/bower-e8debc5417026b57.lock for /usr/local/lib/node_modules/bower
64 verbose fstream_path /usr/local/lib/node_modules/bower
65 verbose fstream_type Directory
66 verbose fstream_class DirWriter
67 verbose stack Error: EACCES: permission denied, mkdir '/usr/local/lib/node_modules/bower'
67 verbose stack     at Error (native)
68 verbose fstream_stack /usr/local/lib/node_modules/npm/node_modules/fstream/lib/dir-writer.js:35:25
68 verbose fstream_stack /usr/local/lib/node_modules/npm/node_modules/mkdirp/index.js:47:53
68 verbose fstream_stack FSReqWrap.oncomplete (fs.js:82:15)
69 verbose cwd /Users/hanqilin/WebstormProjects/osx
70 error Darwin 15.0.0
71 error argv "/usr/local/bin/node" "/usr/local/bin/npm" "install" "-g" "bower"
72 error node v4.2.2
73 error npm  v2.14.7
74 error path /usr/local/lib/node_modules/bower
75 error code EACCES
76 error errno -13
77 error syscall mkdir
78 error Error: EACCES: permission denied, mkdir '/usr/local/lib/node_modules/bower'
78 error     at Error (native)
78 error  { [Error: EACCES: permission denied, mkdir '/usr/local/lib/node_modules/bower']
78 error   errno: -13,
78 error   code: 'EACCES',
78 error   syscall: 'mkdir',
78 error   path: '/usr/local/lib/node_modules/bower',
78 error   fstream_type: 'Directory',
78 error   fstream_path: '/usr/local/lib/node_modules/bower',
78 error   fstream_class: 'DirWriter',
78 error   fstream_stack:
78 error    [ '/usr/local/lib/node_modules/npm/node_modules/fstream/lib/dir-writer.js:35:25',
78 error      '/usr/local/lib/node_modules/npm/node_modules/mkdirp/index.js:47:53',
78 error      'FSReqWrap.oncomplete (fs.js:82:15)' ] }
79 error Please try running this command again as root/Administrator.
80 verbose exit [ -13, true ]
81 verbose unbuild lib/node_modules/bower
82 silly gentlyRm /usr/local/lib/node_modules/bower is being purged from base /usr/local
83 verbose gentlyRm don't care about contents; nuking /usr/local/lib/node_modules/bower
